<?xml version="1.0" encoding="UTF-8"?>
<!-- Generated by org.testng.reporters.JUnitReportReporter -->
<testsuite hostname="DESKTOP-PD876LB" failures="0" tests="1" name="Scripts.test4" time="0.005" errors="0" timestamp="2022-09-13T10:02:04 IST" skipped="0">
  <testcase classname="Scripts.test4" name="tc4" time="0.005"/>
  <system-out>
hello appium  </system-out>
</testsuite> <!-- Scripts.test4 -->
