<?xml version="1.0" encoding="UTF-8"?>
<!-- Generated by org.testng.reporters.JUnitReportReporter -->
<testsuite hostname="DESKTOP-PD876LB" failures="0" tests="1" name="Scripts.test1" time="0.017" errors="0" timestamp="2022-09-13T10:02:04 IST" skipped="0">
  <testcase classname="Scripts.test1" name="tc1" time="0.017"/>
  <system-out>
hello java  </system-out>
</testsuite> <!-- Scripts.test1 -->
